<?xml version="1.0" encoding="UTF-8"?>
<!-- Generated by org.testng.reporters.JUnitReportReporter -->
<testsuite hostname="Sheriff" failures="0" tests="1" name="ecommerce.ProductTest" time="5.902" errors="0" timestamp="2024-04-25T11:14:49 MDT" skipped="0">
  <testcase classname="ecommerce.ProductTest" name="AddToCartTest" time="5.902"/>
</testsuite> <!-- ecommerce.ProductTest -->
