<?xml version="1.0" encoding="UTF-8"?>
<!-- Generated by org.testng.reporters.JUnitReportReporter -->
<testsuite hostname="Sheriff" failures="0" tests="2" name="ecommerce.LoginTestEcommerce" time="12.713" errors="0" timestamp="2024-04-15T11:56:27 MDT" skipped="0">
  <testcase classname="ecommerce.LoginTestEcommerce" name="LoginFailureTest" time="7.339"/>
  <testcase classname="ecommerce.LoginTestEcommerce" name="LoginSuccessTest" time="5.374"/>
</testsuite> <!-- ecommerce.LoginTestEcommerce -->
