<?xml version="1.0" encoding="UTF-8"?>
<!-- Generated by org.testng.reporters.JUnitReportReporter -->
<testsuite hostname="Sheriff" failures="0" tests="2" name="Riffygio.TestNgProject.LoginTest" time="25.611" errors="0" timestamp="2024-04-25T11:14:49 MDT" skipped="0">
  <testcase classname="Riffygio.TestNgProject.LoginTest" name="LoginSuccessTest" time="11.450"/>
  <testcase classname="Riffygio.TestNgProject.LoginTest" name="LoginFailureTest" time="14.161"/>
</testsuite> <!-- Riffygio.TestNgProject.LoginTest -->
