<?xml version="1.0" encoding="UTF-8"?>
<!-- Generated by org.testng.reporters.JUnitReportReporter -->
<testsuite hostname="Sheriff" failures="0" tests="1" name="Riffygio.TestNgProject.HomePageTest" time="8.158" errors="0" timestamp="2024-04-25T11:14:49 MDT" skipped="0">
  <testcase classname="Riffygio.TestNgProject.HomePageTest" name="ValidateSearchTest" time="8.158"/>
</testsuite> <!-- Riffygio.TestNgProject.HomePageTest -->
