<?xml version="1.0" encoding="UTF-8"?>
<!-- Generated by org.testng.reporters.JUnitReportReporter -->
<testsuite hostname="Sheriff" failures="0" tests="1" name="Riffygio.TestNgProject.HomePageTest" time="7.088" errors="0" timestamp="2024-04-12T11:21:30 MDT" skipped="0">
  <testcase classname="Riffygio.TestNgProject.HomePageTest" name="ValidateSearchTest" time="7.088"/>
</testsuite> <!-- Riffygio.TestNgProject.HomePageTest -->
