<?xml version="1.0" encoding="UTF-8"?>
<!-- Generated by org.testng.reporters.JUnitReportReporter -->
<testsuite hostname="Sheriff" failures="0" tests="2" name="ecommerce.LoginTestEcommerce" time="29.010" errors="0" timestamp="2024-04-25T11:14:49 MDT" skipped="0">
  <testcase classname="ecommerce.LoginTestEcommerce" name="LoginSuccessTest" time="22.067"/>
  <testcase classname="ecommerce.LoginTestEcommerce" name="LoginFailureTest" time="6.943"/>
</testsuite> <!-- ecommerce.LoginTestEcommerce -->
