<?xml version="1.0" encoding="UTF-8"?>
<!-- Generated by org.testng.reporters.JUnitReportReporter -->
<testsuite hostname="Sheriff" failures="0" tests="2" name="Riffygio.TestNgProject.LoginTest" time="22.804" errors="0" timestamp="2024-04-12T11:25:51 MDT" skipped="0">
  <testcase classname="Riffygio.TestNgProject.LoginTest" name="LoginFailureTest" time="14.095"/>
  <testcase classname="Riffygio.TestNgProject.LoginTest" name="LoginSuccessTest" time="8.709"/>
</testsuite> <!-- Riffygio.TestNgProject.LoginTest -->
